{"/home/maxmelodia/projetos/branas/orders-clean-architecture/dist/src/Coupon.js": {"path":"/home/maxmelodia/projetos/branas/orders-clean-architecture/dist/src/Coupon.js","statementMap":{"0":{"start":{"line":2,"column":0},"end":{"line":2,"column":62}},"1":{"start":{"line":5,"column":8},"end":{"line":5,"column":25}},"2":{"start":{"line":6,"column":8},"end":{"line":6,"column":37}},"3":{"start":{"line":9,"column":0},"end":{"line":9,"column":25}}},"fnMap":{"0":{"name":"(anonymous_0)","decl":{"start":{"line":4,"column":4},"end":{"line":4,"column":5}},"loc":{"start":{"line":4,"column":34},"end":{"line":7,"column":5}},"line":4}},"branchMap":{},"s":{"0":1,"1":1,"2":1,"3":1},"f":{"0":1},"b":{},"_coverageSchema":"1a1c01bbd47fc00a2c39e90264f33305004495a9","hash":"577bf0acdb5a8e3167e2124d743d24c18dce9d2b"}
,"/home/maxmelodia/projetos/branas/orders-clean-architecture/dist/src/Cpf.js": {"path":"/home/maxmelodia/projetos/branas/orders-clean-architecture/dist/src/Cpf.js","statementMap":{"0":{"start":{"line":2,"column":0},"end":{"line":2,"column":62}},"1":{"start":{"line":5,"column":8},"end":{"line":5,"column":35}},"2":{"start":{"line":6,"column":8},"end":{"line":6,"column":46}},"3":{"start":{"line":7,"column":8},"end":{"line":7,"column":47}},"4":{"start":{"line":8,"column":8},"end":{"line":9,"column":43}},"5":{"start":{"line":9,"column":12},"end":{"line":9,"column":43}},"6":{"start":{"line":10,"column":8},"end":{"line":10,"column":27}},"7":{"start":{"line":13,"column":8},"end":{"line":14,"column":25}},"8":{"start":{"line":14,"column":12},"end":{"line":14,"column":25}},"9":{"start":{"line":15,"column":20},"end":{"line":15,"column":41}},"10":{"start":{"line":16,"column":8},"end":{"line":17,"column":25}},"11":{"start":{"line":17,"column":12},"end":{"line":17,"column":25}},"12":{"start":{"line":18,"column":8},"end":{"line":19,"column":25}},"13":{"start":{"line":19,"column":12},"end":{"line":19,"column":25}},"14":{"start":{"line":20,"column":35},"end":{"line":20,"column":93}},"15":{"start":{"line":21,"column":36},"end":{"line":21,"column":95}},"16":{"start":{"line":22,"column":30},"end":{"line":22,"column":60}},"17":{"start":{"line":23,"column":40},"end":{"line":23,"column":85}},"18":{"start":{"line":24,"column":8},"end":{"line":24,"column":57}},"19":{"start":{"line":27,"column":8},"end":{"line":27,"column":38}},"20":{"start":{"line":30,"column":29},"end":{"line":30,"column":32}},"21":{"start":{"line":31,"column":8},"end":{"line":31,"column":53}},"22":{"start":{"line":31,"column":35},"end":{"line":31,"column":51}},"23":{"start":{"line":34,"column":20},"end":{"line":34,"column":21}},"24":{"start":{"line":35,"column":8},"end":{"line":38,"column":9}},"25":{"start":{"line":36,"column":12},"end":{"line":37,"column":52}},"26":{"start":{"line":37,"column":16},"end":{"line":37,"column":52}},"27":{"start":{"line":39,"column":21},"end":{"line":39,"column":31}},"28":{"start":{"line":40,"column":8},"end":{"line":40,"column":44}},"29":{"start":{"line":43,"column":8},"end":{"line":43,"column":28}},"30":{"start":{"line":46,"column":0},"end":{"line":46,"column":22}}},"fnMap":{"0":{"name":"(anonymous_0)","decl":{"start":{"line":4,"column":4},"end":{"line":4,"column":5}},"loc":{"start":{"line":4,"column":23},"end":{"line":11,"column":5}},"line":4},"1":{"name":"(anonymous_1)","decl":{"start":{"line":12,"column":4},"end":{"line":12,"column":5}},"loc":{"start":{"line":12,"column":21},"end":{"line":25,"column":5}},"line":12},"2":{"name":"(anonymous_2)","decl":{"start":{"line":26,"column":4},"end":{"line":26,"column":5}},"loc":{"start":{"line":26,"column":18},"end":{"line":28,"column":5}},"line":26},"3":{"name":"(anonymous_3)","decl":{"start":{"line":29,"column":4},"end":{"line":29,"column":5}},"loc":{"start":{"line":29,"column":27},"end":{"line":32,"column":5}},"line":29},"4":{"name":"(anonymous_4)","decl":{"start":{"line":31,"column":30},"end":{"line":31,"column":31}},"loc":{"start":{"line":31,"column":35},"end":{"line":31,"column":51}},"line":31},"5":{"name":"(anonymous_5)","decl":{"start":{"line":33,"column":4},"end":{"line":33,"column":5}},"loc":{"start":{"line":33,"column":32},"end":{"line":41,"column":5}},"line":33},"6":{"name":"(anonymous_6)","decl":{"start":{"line":42,"column":4},"end":{"line":42,"column":5}},"loc":{"start":{"line":42,"column":30},"end":{"line":44,"column":5}},"line":42}},"branchMap":{"0":{"loc":{"start":{"line":8,"column":8},"end":{"line":9,"column":43}},"type":"if","locations":[{"start":{"line":8,"column":8},"end":{"line":9,"column":43}},{"start":{"line":8,"column":8},"end":{"line":9,"column":43}}],"line":8},"1":{"loc":{"start":{"line":13,"column":8},"end":{"line":14,"column":25}},"type":"if","locations":[{"start":{"line":13,"column":8},"end":{"line":14,"column":25}},{"start":{"line":13,"column":8},"end":{"line":14,"column":25}}],"line":13},"2":{"loc":{"start":{"line":16,"column":8},"end":{"line":17,"column":25}},"type":"if","locations":[{"start":{"line":16,"column":8},"end":{"line":17,"column":25}},{"start":{"line":16,"column":8},"end":{"line":17,"column":25}}],"line":16},"3":{"loc":{"start":{"line":18,"column":8},"end":{"line":19,"column":25}},"type":"if","locations":[{"start":{"line":18,"column":8},"end":{"line":19,"column":25}},{"start":{"line":18,"column":8},"end":{"line":19,"column":25}}],"line":18},"4":{"loc":{"start":{"line":36,"column":12},"end":{"line":37,"column":52}},"type":"if","locations":[{"start":{"line":36,"column":12},"end":{"line":37,"column":52}},{"start":{"line":36,"column":12},"end":{"line":37,"column":52}}],"line":36},"5":{"loc":{"start":{"line":40,"column":15},"end":{"line":40,"column":43}},"type":"cond-expr","locations":[{"start":{"line":40,"column":28},"end":{"line":40,"column":29}},{"start":{"line":40,"column":33},"end":{"line":40,"column":42}}],"line":40}},"s":{"0":2,"1":6,"2":6,"3":6,"4":6,"5":2,"6":4,"7":6,"8":0,"9":6,"10":6,"11":0,"12":6,"13":2,"14":4,"15":4,"16":4,"17":4,"18":4,"19":6,"20":6,"21":6,"22":30,"23":8,"24":8,"25":88,"26":76,"27":8,"28":8,"29":4,"30":2},"f":{"0":6,"1":6,"2":6,"3":6,"4":30,"5":8,"6":4},"b":{"0":[2,4],"1":[0,6],"2":[0,6],"3":[2,4],"4":[76,12],"5":[4,4]},"_coverageSchema":"1a1c01bbd47fc00a2c39e90264f33305004495a9","hash":"00607abe227ec17c9351ea3c6aed8b08df18956a"}
,"/home/maxmelodia/projetos/branas/orders-clean-architecture/dist/src/Item.js": {"path":"/home/maxmelodia/projetos/branas/orders-clean-architecture/dist/src/Item.js","statementMap":{"0":{"start":{"line":2,"column":0},"end":{"line":2,"column":62}},"1":{"start":{"line":5,"column":8},"end":{"line":5,"column":29}},"2":{"start":{"line":6,"column":8},"end":{"line":6,"column":33}},"3":{"start":{"line":7,"column":8},"end":{"line":7,"column":39}},"4":{"start":{"line":8,"column":8},"end":{"line":8,"column":27}},"5":{"start":{"line":11,"column":0},"end":{"line":11,"column":23}}},"fnMap":{"0":{"name":"(anonymous_0)","decl":{"start":{"line":4,"column":4},"end":{"line":4,"column":5}},"loc":{"start":{"line":4,"column":54},"end":{"line":9,"column":5}},"line":4}},"branchMap":{},"s":{"0":1,"1":6,"2":6,"3":6,"4":6,"5":1},"f":{"0":6},"b":{},"_coverageSchema":"1a1c01bbd47fc00a2c39e90264f33305004495a9","hash":"28092fe2f6f512eecb6041353b07bcf92713f9ff"}
,"/home/maxmelodia/projetos/branas/orders-clean-architecture/dist/src/Order.js": {"path":"/home/maxmelodia/projetos/branas/orders-clean-architecture/dist/src/Order.js","statementMap":{"0":{"start":{"line":2,"column":22},"end":{"line":4,"column":1}},"1":{"start":{"line":3,"column":4},"end":{"line":3,"column":62}},"2":{"start":{"line":5,"column":0},"end":{"line":5,"column":62}},"3":{"start":{"line":6,"column":14},"end":{"line":6,"column":47}},"4":{"start":{"line":7,"column":20},"end":{"line":7,"column":59}},"5":{"start":{"line":10,"column":8},"end":{"line":10,"column":42}},"6":{"start":{"line":11,"column":8},"end":{"line":11,"column":29}},"7":{"start":{"line":14,"column":8},"end":{"line":14,"column":89}},"8":{"start":{"line":17,"column":8},"end":{"line":17,"column":29}},"9":{"start":{"line":20,"column":20},"end":{"line":20,"column":21}},"10":{"start":{"line":21,"column":8},"end":{"line":23,"column":9}},"11":{"start":{"line":22,"column":12},"end":{"line":22,"column":42}},"12":{"start":{"line":24,"column":8},"end":{"line":26,"column":9}},"13":{"start":{"line":25,"column":12},"end":{"line":25,"column":60}},"14":{"start":{"line":27,"column":8},"end":{"line":27,"column":21}},"15":{"start":{"line":30,"column":0},"end":{"line":30,"column":24}}},"fnMap":{"0":{"name":"(anonymous_0)","decl":{"start":{"line":2,"column":56},"end":{"line":2,"column":57}},"loc":{"start":{"line":2,"column":71},"end":{"line":4,"column":1}},"line":2},"1":{"name":"(anonymous_1)","decl":{"start":{"line":9,"column":4},"end":{"line":9,"column":5}},"loc":{"start":{"line":9,"column":21},"end":{"line":12,"column":5}},"line":9},"2":{"name":"(anonymous_2)","decl":{"start":{"line":13,"column":4},"end":{"line":13,"column":5}},"loc":{"start":{"line":13,"column":28},"end":{"line":15,"column":5}},"line":13},"3":{"name":"(anonymous_3)","decl":{"start":{"line":16,"column":4},"end":{"line":16,"column":5}},"loc":{"start":{"line":16,"column":22},"end":{"line":18,"column":5}},"line":16},"4":{"name":"(anonymous_4)","decl":{"start":{"line":19,"column":4},"end":{"line":19,"column":5}},"loc":{"start":{"line":19,"column":15},"end":{"line":28,"column":5}},"line":19}},"branchMap":{"0":{"loc":{"start":{"line":2,"column":22},"end":{"line":4,"column":1}},"type":"binary-expr","locations":[{"start":{"line":2,"column":23},"end":{"line":2,"column":27}},{"start":{"line":2,"column":31},"end":{"line":2,"column":51}},{"start":{"line":2,"column":56},"end":{"line":4,"column":1}}],"line":2},"1":{"loc":{"start":{"line":3,"column":11},"end":{"line":3,"column":61}},"type":"cond-expr","locations":[{"start":{"line":3,"column":37},"end":{"line":3,"column":40}},{"start":{"line":3,"column":43},"end":{"line":3,"column":61}}],"line":3},"2":{"loc":{"start":{"line":3,"column":12},"end":{"line":3,"column":33}},"type":"binary-expr","locations":[{"start":{"line":3,"column":12},"end":{"line":3,"column":15}},{"start":{"line":3,"column":19},"end":{"line":3,"column":33}}],"line":3},"3":{"loc":{"start":{"line":24,"column":8},"end":{"line":26,"column":9}},"type":"if","locations":[{"start":{"line":24,"column":8},"end":{"line":26,"column":9}},{"start":{"line":24,"column":8},"end":{"line":26,"column":9}}],"line":24}},"s":{"0":1,"1":2,"2":1,"3":1,"4":1,"5":4,"6":3,"7":6,"8":1,"9":2,"10":2,"11":6,"12":2,"13":1,"14":2,"15":1},"f":{"0":2,"1":4,"2":6,"3":1,"4":2},"b":{"0":[1,1,1],"1":[2,0],"2":[2,2],"3":[1,1]},"_coverageSchema":"1a1c01bbd47fc00a2c39e90264f33305004495a9","hash":"f159d0c72be5dc0cad0a99dbb1afd29f3989f9ff"}
,"/home/maxmelodia/projetos/branas/orders-clean-architecture/dist/src/OrderItem.js": {"path":"/home/maxmelodia/projetos/branas/orders-clean-architecture/dist/src/OrderItem.js","statementMap":{"0":{"start":{"line":2,"column":0},"end":{"line":2,"column":62}},"1":{"start":{"line":5,"column":8},"end":{"line":5,"column":29}},"2":{"start":{"line":6,"column":8},"end":{"line":6,"column":27}},"3":{"start":{"line":7,"column":8},"end":{"line":7,"column":33}},"4":{"start":{"line":10,"column":8},"end":{"line":10,"column":42}},"5":{"start":{"line":13,"column":0},"end":{"line":13,"column":28}}},"fnMap":{"0":{"name":"(anonymous_0)","decl":{"start":{"line":4,"column":4},"end":{"line":4,"column":5}},"loc":{"start":{"line":4,"column":41},"end":{"line":8,"column":5}},"line":4},"1":{"name":"(anonymous_1)","decl":{"start":{"line":9,"column":4},"end":{"line":9,"column":5}},"loc":{"start":{"line":9,"column":15},"end":{"line":11,"column":5}},"line":9}},"branchMap":{},"s":{"0":2,"1":7,"2":7,"3":7,"4":7,"5":2},"f":{"0":7,"1":7},"b":{},"_coverageSchema":"1a1c01bbd47fc00a2c39e90264f33305004495a9","hash":"ae7847ad7d435d0d908fdd8cf3e5a10a68e7639a"}
}
